NOTE: Picked up JDK_JAVA_OPTIONS: --add-opens=java.base/java.lang=ALL-UNNAMED --add-opens=java.base/java.lang.invoke=ALL-UNNAMED --add-opens=java.base/java.lang.reflect=ALL-UNNAMED --add-opens=java.base/java.io=ALL-UNNAMED --add-opens=java.base/java.net=ALL-UNNAMED --add-opens=java.base/java.nio=ALL-UNNAMED --add-opens=java.base/java.util=ALL-UNNAMED --add-opens=java.base/java.util.concurrent=ALL-UNNAMED --add-opens=java.base/java.util.concurrent.atomic=ALL-UNNAMED --add-opens=java.base/sun.nio.ch=ALL-UNNAMED --add-opens=java.base/sun.nio.cs=ALL-UNNAMED --add-opens=java.base/sun.security.action=ALL-UNNAMED --add-opens=java.base/sun.util.calendar=ALL-UNNAMED --add-opens=java.security.jgss/sun.security.krb5=ALL-UNNAMED
NOTE: Picked up JDK_JAVA_OPTIONS: --add-opens=java.base/java.lang=ALL-UNNAMED --add-opens=java.base/java.lang.invoke=ALL-UNNAMED --add-opens=java.base/java.lang.reflect=ALL-UNNAMED --add-opens=java.base/java.io=ALL-UNNAMED --add-opens=java.base/java.net=ALL-UNNAMED --add-opens=java.base/java.nio=ALL-UNNAMED --add-opens=java.base/java.util=ALL-UNNAMED --add-opens=java.base/java.util.concurrent=ALL-UNNAMED --add-opens=java.base/java.util.concurrent.atomic=ALL-UNNAMED --add-opens=java.base/sun.nio.ch=ALL-UNNAMED --add-opens=java.base/sun.nio.cs=ALL-UNNAMED --add-opens=java.base/sun.security.action=ALL-UNNAMED --add-opens=java.base/sun.util.calendar=ALL-UNNAMED --add-opens=java.security.jgss/sun.security.krb5=ALL-UNNAMED
:: loading settings :: url = jar:file:/Users/sanderrodman/GitHub/ecomm_pyspark_snowflake/venv_11/lib/python3.11/site-packages/pyspark/jars/ivy-2.5.1.jar!/org/apache/ivy/core/settings/ivysettings.xml
Ivy Default Cache set to: /Users/sanderrodman/.ivy2/cache
The jars for the packages stored in: /Users/sanderrodman/.ivy2/jars
net.snowflake#snowflake-jdbc added as a dependency
net.snowflake#spark-snowflake_2.12 added as a dependency
:: resolving dependencies :: org.apache.spark#spark-submit-parent-7ba608ab-4568-49e7-99f0-462b61bca03e;1.0
	confs: [default]
	found net.snowflake#snowflake-jdbc;3.13.30 in central
	found net.snowflake#spark-snowflake_2.12;2.12.0-spark_3.4 in central
	found net.snowflake#snowflake-ingest-sdk;0.10.8 in central
:: resolution report :: resolve 61ms :: artifacts dl 2ms
	:: modules in use:
	net.snowflake#snowflake-ingest-sdk;0.10.8 from central in [default]
	net.snowflake#snowflake-jdbc;3.13.30 from central in [default]
	net.snowflake#spark-snowflake_2.12;2.12.0-spark_3.4 from central in [default]
	---------------------------------------------------------------------
	|                  |            modules            ||   artifacts   |
	|       conf       | number| search|dwnlded|evicted|| number|dwnlded|
	---------------------------------------------------------------------
	|      default     |   3   |   0   |   0   |   0   ||   3   |   0   |
	---------------------------------------------------------------------
:: retrieving :: org.apache.spark#spark-submit-parent-7ba608ab-4568-49e7-99f0-462b61bca03e
	confs: [default]
	0 artifacts copied, 3 already retrieved (0kB/2ms)
26/03/13 14:36:09 WARN NativeCodeLoader: Unable to load native-hadoop library for your platform... using builtin-java classes where applicable
Setting default log level to "WARN".
To adjust logging level use sc.setLogLevel(newLevel). For SparkR, use setLogLevel(newLevel).
Extracting data...
Transforming data...
Loading Fact Orders to Snowflake...
Error loading to Snowflake: An error occurred while calling o127.save.
: net.snowflake.client.jdbc.SnowflakeSQLException: Role 'STUDENT' specified in the connect string does not exist or not authorized. Contact your local system administrator, or attempt to login with another role, e.g. PUBLIC.
	at net.snowflake.client.core.SessionUtil.newSession(SessionUtil.java:695)
	at net.snowflake.client.core.SessionUtil.openSession(SessionUtil.java:291)
	at net.snowflake.client.core.SFSession.open(SFSession.java:477)
	at net.snowflake.client.jdbc.DefaultSFConnectionHandler.initialize(DefaultSFConnectionHandler.java:104)
	at net.snowflake.client.jdbc.DefaultSFConnectionHandler.initializeConnection(DefaultSFConnectionHandler.java:79)
	at net.snowflake.client.jdbc.SnowflakeConnectionV1.initConnectionWithImpl(SnowflakeConnectionV1.java:116)
	at net.snowflake.client.jdbc.SnowflakeConnectionV1.<init>(SnowflakeConnectionV1.java:96)
	at net.snowflake.client.jdbc.SnowflakeDriver.connect(SnowflakeDriver.java:180)
	at java.sql/java.sql.DriverManager.getConnection(DriverManager.java:681)
	at java.sql/java.sql.DriverManager.getConnection(DriverManager.java:190)
	at net.snowflake.spark.snowflake.ServerConnection$.createJDBCConnection(ServerConnection.scala:237)
	at net.snowflake.spark.snowflake.ServerConnection$.getServerConnection(ServerConnection.scala:117)
	at net.snowflake.spark.snowflake.JDBCWrapper.getConnector(SnowflakeJDBCWrapper.scala:111)
	at net.snowflake.spark.snowflake.io.StageWriter$.writeToStage(StageWriter.scala:209)
	at net.snowflake.spark.snowflake.io.package$.writeRDD(package.scala:51)
	at net.snowflake.spark.snowflake.SnowflakeWriter.save(SnowflakeWriter.scala:74)
	at net.snowflake.spark.snowflake.DefaultSource.createRelation(DefaultSource.scala:141)
	at org.apache.spark.sql.execution.datasources.SaveIntoDataSourceCommand.run(SaveIntoDataSourceCommand.scala:47)
	at org.apache.spark.sql.execution.command.ExecutedCommandExec.sideEffectResult$lzycompute(commands.scala:75)
	at org.apache.spark.sql.execution.command.ExecutedCommandExec.sideEffectResult(commands.scala:73)
	at org.apache.spark.sql.execution.command.ExecutedCommandExec.executeCollect(commands.scala:84)
	at org.apache.spark.sql.execution.QueryExecution$$anonfun$eagerlyExecuteCommands$1.$anonfun$applyOrElse$1(QueryExecution.scala:98)
	at org.apache.spark.sql.execution.SQLExecution$.$anonfun$withNewExecutionId$6(SQLExecution.scala:118)
	at org.apache.spark.sql.execution.SQLExecution$.withSQLConfPropagated(SQLExecution.scala:195)
	at org.apache.spark.sql.execution.SQLExecution$.$anonfun$withNewExecutionId$1(SQLExecution.scala:103)
	at org.apache.spark.sql.SparkSession.withActive(SparkSession.scala:827)
	at org.apache.spark.sql.execution.SQLExecution$.withNewExecutionId(SQLExecution.scala:65)
	at org.apache.spark.sql.execution.QueryExecution$$anonfun$eagerlyExecuteCommands$1.applyOrElse(QueryExecution.scala:98)
	at org.apache.spark.sql.execution.QueryExecution$$anonfun$eagerlyExecuteCommands$1.applyOrElse(QueryExecution.scala:94)
	at org.apache.spark.sql.catalyst.trees.TreeNode.$anonfun$transformDownWithPruning$1(TreeNode.scala:512)
	at org.apache.spark.sql.catalyst.trees.CurrentOrigin$.withOrigin(TreeNode.scala:104)
	at org.apache.spark.sql.catalyst.trees.TreeNode.transformDownWithPruning(TreeNode.scala:512)
	at org.apache.spark.sql.catalyst.plans.logical.LogicalPlan.org$apache$spark$sql$catalyst$plans$logical$AnalysisHelper$$super$transformDownWithPruning(LogicalPlan.scala:31)
	at org.apache.spark.sql.catalyst.plans.logical.AnalysisHelper.transformDownWithPruning(AnalysisHelper.scala:267)
	at org.apache.spark.sql.catalyst.plans.logical.AnalysisHelper.transformDownWithPruning$(AnalysisHelper.scala:263)
	at org.apache.spark.sql.catalyst.plans.logical.LogicalPlan.transformDownWithPruning(LogicalPlan.scala:31)
	at org.apache.spark.sql.catalyst.plans.logical.LogicalPlan.transformDownWithPruning(LogicalPlan.scala:31)
	at org.apache.spark.sql.catalyst.trees.TreeNode.transformDown(TreeNode.scala:488)
	at org.apache.spark.sql.execution.QueryExecution.eagerlyExecuteCommands(QueryExecution.scala:94)
	at org.apache.spark.sql.execution.QueryExecution.commandExecuted$lzycompute(QueryExecution.scala:81)
	at org.apache.spark.sql.execution.QueryExecution.commandExecuted(QueryExecution.scala:79)
	at org.apache.spark.sql.execution.QueryExecution.assertCommandExecuted(QueryExecution.scala:133)
	at org.apache.spark.sql.DataFrameWriter.runCommand(DataFrameWriter.scala:856)
	at org.apache.spark.sql.DataFrameWriter.saveToV1Source(DataFrameWriter.scala:387)
	at org.apache.spark.sql.DataFrameWriter.saveInternal(DataFrameWriter.scala:360)
	at org.apache.spark.sql.DataFrameWriter.save(DataFrameWriter.scala:247)
	at java.base/jdk.internal.reflect.NativeMethodAccessorImpl.invoke0(Native Method)
	at java.base/jdk.internal.reflect.NativeMethodAccessorImpl.invoke(NativeMethodAccessorImpl.java:77)
	at java.base/jdk.internal.reflect.DelegatingMethodAccessorImpl.invoke(DelegatingMethodAccessorImpl.java:43)
	at java.base/java.lang.reflect.Method.invoke(Method.java:569)
	at py4j.reflection.MethodInvoker.invoke(MethodInvoker.java:244)
	at py4j.reflection.ReflectionEngine.invoke(ReflectionEngine.java:374)
	at py4j.Gateway.invoke(Gateway.java:282)
	at py4j.commands.AbstractCommand.invokeMethod(AbstractCommand.java:132)
	at py4j.commands.CallCommand.execute(CallCommand.java:79)
	at py4j.ClientServerConnection.waitForCommands(ClientServerConnection.java:182)
	at py4j.ClientServerConnection.run(ClientServerConnection.java:106)
	at java.base/java.lang.Thread.run(Thread.java:840)

Please ensure your .env file is configured correctly and you have created the required Snowflake objects.
